<?xml version="1.0" encoding="UTF-8"?>
<testsuite xmlns:xsi="http://www.w3.org/2001/XMLSchema-instance" xsi:noNamespaceSchemaLocation="https://maven.apache.org/surefire/maven-surefire-plugin/xsd/surefire-test-report-3.0.xsd" version="3.0" name="linkedList.singly.circular.LinkedListTest" time="0.105" tests="38" errors="0" skipped="0" failures="0">
  <properties>
    <property name="java.specification.version" value="21"/>
    <property name="sun.cpu.isalist" value="amd64"/>
    <property name="sun.jnu.encoding" value="Cp1252"/>
    <property name="java.class.path" value="c:\Users\juans\OneDrive\Escritorio\Panda\Universidad\Tercer semestre\Data Structures\ArrayDataStructure\DataStructure\target\test-classes;c:\Users\juans\OneDrive\Escritorio\Panda\Universidad\Tercer semestre\Data Structures\ArrayDataStructure\DataStructure\target\classes;C:\Users\juans\.m2\repository\com\google\code\gson\gson\2.10.1\gson-2.10.1.jar;C:\Users\juans\.m2\repository\org\junit\jupiter\junit-jupiter\5.10.2\junit-jupiter-5.10.2.jar;C:\Users\juans\.m2\repository\org\junit\jupiter\junit-jupiter-api\5.10.2\junit-jupiter-api-5.10.2.jar;C:\Users\juans\.m2\repository\org\opentest4j\opentest4j\1.3.0\opentest4j-1.3.0.jar;C:\Users\juans\.m2\repository\org\junit\platform\junit-platform-commons\1.10.2\junit-platform-commons-1.10.2.jar;C:\Users\juans\.m2\repository\org\apiguardian\apiguardian-api\1.1.2\apiguardian-api-1.1.2.jar;C:\Users\juans\.m2\repository\org\junit\jupiter\junit-jupiter-params\5.10.2\junit-jupiter-params-5.10.2.jar;C:\Users\juans\.m2\repository\org\junit\jupiter\junit-jupiter-engine\5.10.2\junit-jupiter-engine-5.10.2.jar;C:\Users\juans\.m2\repository\org\junit\platform\junit-platform-engine\1.10.2\junit-platform-engine-1.10.2.jar;C:\Users\juans\.m2\repository\org\mockito\mockito-core\5.6.0\mockito-core-5.6.0.jar;C:\Users\juans\.m2\repository\net\bytebuddy\byte-buddy\1.14.8\byte-buddy-1.14.8.jar;C:\Users\juans\.m2\repository\net\bytebuddy\byte-buddy-agent\1.14.8\byte-buddy-agent-1.14.8.jar;C:\Users\juans\.m2\repository\org\objenesis\objenesis\3.3\objenesis-3.3.jar;"/>
    <property name="java.vm.vendor" value="Oracle Corporation"/>
    <property name="sun.arch.data.model" value="64"/>
    <property name="user.variant" value=""/>
    <property name="java.vendor.url" value="https://java.oracle.com/"/>
    <property name="user.timezone" value="America/Bogota"/>
    <property name="os.name" value="Windows 11"/>
    <property name="java.vm.specification.version" value="21"/>
    <property name="sun.java.launcher" value="SUN_STANDARD"/>
    <property name="user.country" value="CO"/>
    <property name="sun.boot.library.path" value="C:\Program Files\Java\jdk-21\bin"/>
    <property name="sun.java.command" value="C:\Users\juans\AppData\Local\Temp\surefire16400322233915258437\surefirebooter-20240416212419561_3.jar C:\Users\juans\AppData\Local\Temp\surefire16400322233915258437 2024-04-16T21-24-19_448-jvmRun1 surefire-20240416212419561_1tmp surefire_0-20240416212419561_2tmp"/>
    <property name="jdk.debug" value="release"/>
    <property name="surefire.test.class.path" value="c:\Users\juans\OneDrive\Escritorio\Panda\Universidad\Tercer semestre\Data Structures\ArrayDataStructure\DataStructure\target\test-classes;c:\Users\juans\OneDrive\Escritorio\Panda\Universidad\Tercer semestre\Data Structures\ArrayDataStructure\DataStructure\target\classes;C:\Users\juans\.m2\repository\com\google\code\gson\gson\2.10.1\gson-2.10.1.jar;C:\Users\juans\.m2\repository\org\junit\jupiter\junit-jupiter\5.10.2\junit-jupiter-5.10.2.jar;C:\Users\juans\.m2\repository\org\junit\jupiter\junit-jupiter-api\5.10.2\junit-jupiter-api-5.10.2.jar;C:\Users\juans\.m2\repository\org\opentest4j\opentest4j\1.3.0\opentest4j-1.3.0.jar;C:\Users\juans\.m2\repository\org\junit\platform\junit-platform-commons\1.10.2\junit-platform-commons-1.10.2.jar;C:\Users\juans\.m2\repository\org\apiguardian\apiguardian-api\1.1.2\apiguardian-api-1.1.2.jar;C:\Users\juans\.m2\repository\org\junit\jupiter\junit-jupiter-params\5.10.2\junit-jupiter-params-5.10.2.jar;C:\Users\juans\.m2\repository\org\junit\jupiter\junit-jupiter-engine\5.10.2\junit-jupiter-engine-5.10.2.jar;C:\Users\juans\.m2\repository\org\junit\platform\junit-platform-engine\1.10.2\junit-platform-engine-1.10.2.jar;C:\Users\juans\.m2\repository\org\mockito\mockito-core\5.6.0\mockito-core-5.6.0.jar;C:\Users\juans\.m2\repository\net\bytebuddy\byte-buddy\1.14.8\byte-buddy-1.14.8.jar;C:\Users\juans\.m2\repository\net\bytebuddy\byte-buddy-agent\1.14.8\byte-buddy-agent-1.14.8.jar;C:\Users\juans\.m2\repository\org\objenesis\objenesis\3.3\objenesis-3.3.jar;"/>
    <property name="sun.cpu.endian" value="little"/>
    <property name="user.home" value="C:\Users\juans"/>
    <property name="user.language" value="es"/>
    <property name="java.specification.vendor" value="Oracle Corporation"/>
    <property name="java.version.date" value="2024-01-16"/>
    <property name="java.home" value="C:\Program Files\Java\jdk-21"/>
    <property name="file.separator" value="\"/>
    <property name="basedir" value="c:\Users\juans\OneDrive\Escritorio\Panda\Universidad\Tercer semestre\Data Structures\ArrayDataStructure\DataStructure"/>
    <property name="java.vm.compressedOopsMode" value="32-bit"/>
    <property name="line.separator" value="&#10;"/>
    <property name="java.vm.specification.vendor" value="Oracle Corporation"/>
    <property name="java.specification.name" value="Java Platform API Specification"/>
    <property name="surefire.real.class.path" value="C:\Users\juans\AppData\Local\Temp\surefire16400322233915258437\surefirebooter-20240416212419561_3.jar"/>
    <property name="user.script" value=""/>
    <property name="sun.management.compiler" value="HotSpot 64-Bit Tiered Compilers"/>
    <property name="java.runtime.version" value="21.0.2+13-LTS-58"/>
    <property name="user.name" value="juans"/>
    <property name="stdout.encoding" value="Cp1252"/>
    <property name="path.separator" value=";"/>
    <property name="os.version" value="10.0"/>
    <property name="java.runtime.name" value="Java(TM) SE Runtime Environment"/>
    <property name="file.encoding" value="UTF-8"/>
    <property name="java.vm.name" value="Java HotSpot(TM) 64-Bit Server VM"/>
    <property name="localRepository" value="C:\Users\juans\.m2\repository"/>
    <property name="java.vendor.url.bug" value="https://bugreport.java.com/bugreport/"/>
    <property name="java.io.tmpdir" value="C:\Users\juans\AppData\Local\Temp\"/>
    <property name="java.version" value="21.0.2"/>
    <property name="user.dir" value="c:\Users\juans\OneDrive\Escritorio\Panda\Universidad\Tercer semestre\Data Structures\ArrayDataStructure\DataStructure"/>
    <property name="os.arch" value="amd64"/>
    <property name="java.vm.specification.name" value="Java Virtual Machine Specification"/>
    <property name="sun.os.patch.level" value=""/>
    <property name="native.encoding" value="Cp1252"/>
    <property name="java.library.path" value="C:\Program Files\Java\jdk-21\bin;C:\Windows\Sun\Java\bin;C:\Windows\system32;C:\Windows;C:\Program Files (x86)\VMware\VMware Player\bin\;C:\Program Files\Common Files\Oracle\Java\javapath;C:\Windows\system32;C:\Windows;C:\Windows\System32\Wbem;C:\Windows\System32\WindowsPowerShell\v1.0\;C:\Windows\System32\OpenSSH\;C:\Program Files (x86)\NVIDIA Corporation\PhysX\Common;C:\Program Files\NVIDIA Corporation\NVIDIA NvDLISR;C:\Program Files\Git\cmd;C:\Program Files\Java\jdk-21\bin;C:\Program Files\Maven\apache-maven-3.9.6\bin;C:\Users\juans\AppData\Local\Programs\Python\Launcher\;C:\Users\juans\AppData\Local\Microsoft\WindowsApps;;C:\Users\juans\AppData\Local\Programs\Microsoft VS Code\bin;C:\Program Files\JetBrains\IntelliJ IDEA 2023.3.4\bin;;."/>
    <property name="java.vm.info" value="mixed mode, sharing"/>
    <property name="stderr.encoding" value="Cp1252"/>
    <property name="java.vendor" value="Oracle Corporation"/>
    <property name="java.vm.version" value="21.0.2+13-LTS-58"/>
    <property name="sun.io.unicode.encoding" value="UnicodeLittle"/>
    <property name="java.class.version" value="65.0"/>
  </properties>
  <testcase name="testPeekLastArray" classname="linkedList.singly.circular.LinkedListTest" time="0.009"/>
  <testcase name="testPeekArray" classname="linkedList.singly.circular.LinkedListTest" time="0.002"/>
  <testcase name="testToArray" classname="linkedList.singly.circular.LinkedListTest" time="0.001">
    <system-out><![CDATA[2
]]></system-out>
  </testcase>
  <testcase name="testSet" classname="linkedList.singly.circular.LinkedListTest" time="0.0">
    <system-out><![CDATA[Initial[5, 1, 1, 2, 7 ]
1   [100, 1, 1, 2, 7 ]
2   [100, 1, 1, 2, 200 ]
3   [100, 300, 1, 2, 200 ]
]]></system-out>
  </testcase>
  <testcase name="testClear" classname="linkedList.singly.circular.LinkedListTest" time="0.002">
    <system-out><![CDATA[[1, 1, 1 ]
[
]]></system-out>
  </testcase>
  <testcase name="testAdd1" classname="linkedList.singly.circular.LinkedListTest" time="0.001">
    <system-out><![CDATA[[1, 2, 3 ]
]]></system-out>
  </testcase>
  <testcase name="testAdd2" classname="linkedList.singly.circular.LinkedListTest" time="0.001">
    <system-out><![CDATA[[1, 2, 1, 2, 3, 4 ]
]]></system-out>
  </testcase>
  <testcase name="testAdd3" classname="linkedList.singly.circular.LinkedListTest" time="0.0">
    <system-out><![CDATA[[1, 2, 1, 2, 111 ]
]]></system-out>
  </testcase>
  <testcase name="testPeek" classname="linkedList.singly.circular.LinkedListTest" time="0.001"/>
  <testcase name="testPoll" classname="linkedList.singly.circular.LinkedListTest" time="0.001">
    <system-out><![CDATA[[1, 3 ]
]]></system-out>
  </testcase>
  <testcase name="testSize" classname="linkedList.singly.circular.LinkedListTest" time="0.001"/>
  <testcase name="testSort" classname="linkedList.singly.circular.LinkedListTest" time="0.006">
    <system-out><![CDATA[[1, 1, 1, 2, 3, 5, 7 ]
]]></system-out>
  </testcase>
  <testcase name="testPollLastArray" classname="linkedList.singly.circular.LinkedListTest" time="0.002">
    <system-out><![CDATA[[
[
5
3
1
3
null
]]></system-out>
  </testcase>
  <testcase name="testPeekCollection" classname="linkedList.singly.circular.LinkedListTest" time="0.001"/>
  <testcase name="testContains" classname="linkedList.singly.circular.LinkedListTest" time="0.001"/>
  <testcase name="testPollLastCollection" classname="linkedList.singly.circular.LinkedListTest" time="0.0">
    <system-out><![CDATA[[5, 3 ]
[5, 3 ]
]]></system-out>
  </testcase>
  <testcase name="testContains2" classname="linkedList.singly.circular.LinkedListTest" time="0.0"/>
  <testcase name="testContains3" classname="linkedList.singly.circular.LinkedListTest" time="0.001">
    <system-out><![CDATA[[66, 88, 1, 6 ]
]]></system-out>
  </testcase>
  <testcase name="testContains4" classname="linkedList.singly.circular.LinkedListTest" time="0.0">
    <system-out><![CDATA[[labebsitabebelinybebewikifumamarihuanaytambiensemeteelpickyselagonanidickielrasdasdasdasdasdasdasdasdasdasdasdlabebsitabebelinybebewikifumamarihuanaytambiensemeteelpickyselagonanidickielrasdasdasdasdasdasdasdasdasdasdasdlabebsitabebelinybebewikifumamarihuanaytambiensemeteelpickyselagonanidickielrasdasdasdasdasdasdasdasdasdasdasdlabebsitabebelinybebewikifumamarihuanaytambiensemeteelpickyselagonanidickielrasdasdasdasdasdasdasdasdasdasdasdlabebsitabebelinybebewikifumamarihuanaytambiensemeteelpickyselagonanidickielrasdasdasdasdasdasdasdasdasdasdasdlabebsitabebelinybebewikifumamarihuanaytambiensemeteelpickyselagonanidickielrasdasdasdasdasdasdasdasdasdasdasdlabebsitabebelinybebewikifumamarihuanaytambiensemeteelpickyselagonanidickielrasdasdasdasdasdasdasdasdasdasdasdlabebsitabebelinybebewikifumamarihuanaytambiensemeteelpickyselagonanidickielrasdasdasdasdasdasdasdasdasdasdasdlabebsitabebelinybebewikifumamarihuanaytambiensemeteelpickyselagonanidickielrasdasdasdasdasdasdasdasdasdasdasdlabebsitabebelinybebewikifumamarihuanaytambiensemeteelpickyselagonanidickielrasdasdasdasdasdasdasdasdasdasdasdlabebsitabebelinybebewikifumamarihuanaytambiensemeteelpickyselagonanidickielrasdasdasdasdasdasdasdasdasdasdasdlabebsitabebelinybebewikifumamarihuanaytambiensemeteelpickyselagonanidickielrasdasdasdasdasdasdasdasdasdasdasdlabebsitabebelinybebewikifumamarihuanaytambiensemeteelpickyselagonanidickielrasdasdasdasdasdasdasdasdasdasdasdlabebsitabebelinybebewikifumamarihuanaytambiensemeteelpickyselagonanidickielrasdasdasdasdasdasdasdasdasdasdasdlabebsitabebelinybebewikifumamarihuanaytambiensemeteelpickyselagonanidickielrasdasdasdasdasdasdasdasdasdasdasdlabebsitabebelinybebewikifumamarihuanaytambiensemeteelpickyselagonanidickielrasdasdasdasdasdasdasdasdasdasdasdlabebsitabebelinybebewikifumamarihuanaytambiensemeteelpickyselagonanidickielrasdasdasdasdasdasdasdasdasdasdasdlabebsitabebelinybebewikifumamarihuanaytambiensemeteelpickyselagonanidickielrasdasdasdasdasdasdasdasdasdasdasd, b, c, d ]
]]></system-out>
  </testcase>
  <testcase name="testPollCollection" classname="linkedList.singly.circular.LinkedListTest" time="0.001">
    <system-out><![CDATA[[1, 3 ]
[1, 3 ]
]]></system-out>
  </testcase>
  <testcase name="testReplace2" classname="linkedList.singly.circular.LinkedListTest" time="0.003">
    <system-out><![CDATA[Initial  [5, -3, 1, 1, 1, 1, 2, 6 ]
1  [5, -3, 0, 1, 1, 1, 0, 0 ]
2  [5, -3, 0, 0, 1, 1, 0, 0 ]
3  [5, -3, 0, 0, 0, 1, 0, 0 ]
]]></system-out>
  </testcase>
  <testcase name="testReplace3" classname="linkedList.singly.circular.LinkedListTest" time="0.003">
    <system-out><![CDATA[Initial  [5, -3, 1, 1, 1, 1, 2, 6 ]
1  [5, -3, 0, 1, 1, 1, 0, 0 ]
2  [5, -3, 0, 0, 1, 1, 0, 0 ]
3  [5, -3, 0, 0, 0, 1, 0, 0 ]
]]></system-out>
  </testcase>
  <testcase name="testAddFirst1" classname="linkedList.singly.circular.LinkedListTest" time="0.001">
    <system-out><![CDATA[[3, 2, 1 ]
]]></system-out>
  </testcase>
  <testcase name="testAddFirst2" classname="linkedList.singly.circular.LinkedListTest" time="0.0">
    <system-out><![CDATA[[4, 3, 2, 1, 2, 1 ]
]]></system-out>
  </testcase>
  <testcase name="testAddFirst3" classname="linkedList.singly.circular.LinkedListTest" time="0.0">
    <system-out><![CDATA[[111, 2, 1, 2, 1 ]
]]></system-out>
  </testcase>
  <testcase name="testPollArray" classname="linkedList.singly.circular.LinkedListTest" time="0.0">
    <system-out><![CDATA[[Ljava.lang.Object;@759d26fb
]]></system-out>
  </testcase>
  <testcase name="testRemove2" classname="linkedList.singly.circular.LinkedListTest" time="0.001">
    <system-out><![CDATA[[5, 3, 1, 2, 6 ]
[5, 3 ]
]]></system-out>
  </testcase>
  <testcase name="testRemove3" classname="linkedList.singly.circular.LinkedListTest" time="0.0">
    <system-out><![CDATA[[5, 3, 1, 2, 6000 ]
[3, 1 ]
]]></system-out>
  </testcase>
  <testcase name="testRemove4" classname="linkedList.singly.circular.LinkedListTest" time="0.001">
    <system-out><![CDATA[[5, -3, -1, 2, 6 ]
[-3, -1 ]
]]></system-out>
  </testcase>
  <testcase name="testReplace" classname="linkedList.singly.circular.LinkedListTest" time="0.003">
    <system-out><![CDATA[[5, -3, -1, 2, -6 ]
]]></system-out>
  </testcase>
  <testcase name="testRetain1" classname="linkedList.singly.circular.LinkedListTest" time="0.002">
    <system-out><![CDATA[[1, 1, 1, 2, 6 ]
]]></system-out>
  </testcase>
  <testcase name="testRetain2" classname="linkedList.singly.circular.LinkedListTest" time="0.001">
    <system-out><![CDATA[[1, 1, 2, 6 ]
]]></system-out>
  </testcase>
  <testcase name="testPeekLast" classname="linkedList.singly.circular.LinkedListTest" time="0.001"/>
  <testcase name="reverse" classname="linkedList.singly.circular.LinkedListTest" time="0.001">
    <system-out><![CDATA[[1, 2 ]
[2, 1 ]
]]></system-out>
  </testcase>
  <testcase name="testPollLast" classname="linkedList.singly.circular.LinkedListTest" time="0.003">
    <system-out><![CDATA[[
]]></system-out>
  </testcase>
  <testcase name="testPeekLastCollection" classname="linkedList.singly.circular.LinkedListTest" time="0.005"/>
  <testcase name="testRemove" classname="linkedList.singly.circular.LinkedListTest" time="0.002">
    <system-out><![CDATA[[5, 3, 5, 2 ]
[3, 5 ]
]]></system-out>
  </testcase>
  <testcase name="testSubList" classname="linkedList.singly.circular.LinkedListTest" time="0.001">
    <system-out><![CDATA[[5 ]
[5, 1, 1 ]
[
]]></system-out>
  </testcase>
</testsuite>